[11:52:09] [main/DEBUG] [pro.gravit.repackage.io.netty.util.internal.logging.InternalLoggerFactory]: Using Log4J2 as the default logging framework
[11:52:09] [main/DEBUG] [pro.gravit.repackage.io.netty.channel.MultithreadEventLoopGroup]: -Dio.netty.eventLoopThreads: 4
[11:52:09] [main/DEBUG] [pro.gravit.repackage.io.netty.util.internal.InternalThreadLocalMap]: -Dio.netty.threadLocalMap.stringBuilder.initialSize: 1024
[11:52:09] [main/DEBUG] [pro.gravit.repackage.io.netty.util.internal.InternalThreadLocalMap]: -Dio.netty.threadLocalMap.stringBuilder.maxSize: 4096
[11:52:09] [main/DEBUG] [pro.gravit.repackage.io.netty.channel.nio.NioEventLoop]: -Dio.netty.noKeySetOptimization: false
[11:52:09] [main/DEBUG] [pro.gravit.repackage.io.netty.channel.nio.NioEventLoop]: -Dio.netty.selectorAutoRebuildThreshold: 512
[11:52:09] [main/DEBUG] [pro.gravit.repackage.io.netty.util.internal.PlatformDependent0]: -Dio.netty.noUnsafe: false
[11:52:09] [main/DEBUG] [pro.gravit.repackage.io.netty.util.internal.PlatformDependent0]: Java version: 8
[11:52:09] [main/DEBUG] [pro.gravit.repackage.io.netty.util.internal.PlatformDependent0]: sun.misc.Unsafe.theUnsafe: available
[11:52:09] [main/DEBUG] [pro.gravit.repackage.io.netty.util.internal.PlatformDependent0]: sun.misc.Unsafe.copyMemory: available
[11:52:09] [main/DEBUG] [pro.gravit.repackage.io.netty.util.internal.PlatformDependent0]: java.nio.Buffer.address: available
[11:52:09] [main/DEBUG] [pro.gravit.repackage.io.netty.util.internal.PlatformDependent0]: direct buffer constructor: available
[11:52:09] [main/DEBUG] [pro.gravit.repackage.io.netty.util.internal.PlatformDependent0]: java.nio.Bits.unaligned: available, true
[11:52:09] [main/DEBUG] [pro.gravit.repackage.io.netty.util.internal.PlatformDependent0]: jdk.internal.misc.Unsafe.allocateUninitializedArray(int): unavailable prior to Java9
[11:52:09] [main/DEBUG] [pro.gravit.repackage.io.netty.util.internal.PlatformDependent0]: java.nio.DirectByteBuffer.<init>(long, int): available
[11:52:09] [main/DEBUG] [pro.gravit.repackage.io.netty.util.internal.PlatformDependent]: sun.misc.Unsafe: available
[11:52:09] [main/DEBUG] [pro.gravit.repackage.io.netty.util.internal.PlatformDependent]: -Dio.netty.tmpdir: /tmp (java.io.tmpdir)
[11:52:09] [main/DEBUG] [pro.gravit.repackage.io.netty.util.internal.PlatformDependent]: -Dio.netty.bitMode: 64 (sun.arch.data.model)
[11:52:09] [main/DEBUG] [pro.gravit.repackage.io.netty.util.internal.PlatformDependent]: -Dio.netty.maxDirectMemory: 1797259264 bytes
[11:52:09] [main/DEBUG] [pro.gravit.repackage.io.netty.util.internal.PlatformDependent]: -Dio.netty.uninitializedArrayAllocationThreshold: -1
[11:52:09] [main/DEBUG] [pro.gravit.repackage.io.netty.util.internal.CleanerJava6]: java.nio.ByteBuffer.cleaner(): available
[11:52:09] [main/DEBUG] [pro.gravit.repackage.io.netty.util.internal.PlatformDependent]: -Dio.netty.noPreferDirect: false
[11:52:09] [main/DEBUG] [pro.gravit.repackage.io.netty.util.internal.PlatformDependent]: org.jctools-core.MpscChunkedArrayQueue: available
[11:52:09] [main/TRACE] [pro.gravit.repackage.io.netty.channel.nio.NioEventLoop]: instrumented a special java.util.Set into: sun.nio.ch.EPollSelectorImpl@1ed4ae0f
[11:52:09] [main/TRACE] [pro.gravit.repackage.io.netty.channel.nio.NioEventLoop]: instrumented a special java.util.Set into: sun.nio.ch.EPollSelectorImpl@2a265ea9
[11:52:09] [main/TRACE] [pro.gravit.repackage.io.netty.channel.nio.NioEventLoop]: instrumented a special java.util.Set into: sun.nio.ch.EPollSelectorImpl@11392934
[11:52:09] [main/TRACE] [pro.gravit.repackage.io.netty.channel.nio.NioEventLoop]: instrumented a special java.util.Set into: sun.nio.ch.EPollSelectorImpl@6892b3b6
[11:52:09] [main/DEBUG] [pro.gravit.repackage.io.netty.channel.DefaultChannelId]: -Dio.netty.processId: 22213 (auto-detected)
[11:52:09] [main/DEBUG] [pro.gravit.repackage.io.netty.util.NetUtil]: -Djava.net.preferIPv4Stack: false
[11:52:09] [main/DEBUG] [pro.gravit.repackage.io.netty.util.NetUtil]: -Djava.net.preferIPv6Addresses: false
[11:52:09] [main/DEBUG] [pro.gravit.repackage.io.netty.util.NetUtilInitializations]: Loopback interface: lo (lo, 0:0:0:0:0:0:0:1%lo)
[11:52:09] [main/DEBUG] [pro.gravit.repackage.io.netty.util.NetUtil]: /proc/sys/net/core/somaxconn: 4096
[11:52:09] [main/DEBUG] [pro.gravit.repackage.io.netty.channel.DefaultChannelId]: -Dio.netty.machineId: 00:16:3c:ff:fe:8c:e6:3a (auto-detected)
[11:52:09] [main/DEBUG] [pro.gravit.repackage.io.netty.util.ResourceLeakDetector]: -Dpro.gravit.repackage.io.netty.leakDetection.level: simple
[11:52:09] [main/DEBUG] [pro.gravit.repackage.io.netty.util.ResourceLeakDetector]: -Dpro.gravit.repackage.io.netty.leakDetection.targetRecords: 4
[11:52:09] [main/DEBUG] [pro.gravit.repackage.io.netty.buffer.PooledByteBufAllocator]: -Dio.netty.allocator.numHeapArenas: 4
[11:52:09] [main/DEBUG] [pro.gravit.repackage.io.netty.buffer.PooledByteBufAllocator]: -Dio.netty.allocator.numDirectArenas: 4
[11:52:09] [main/DEBUG] [pro.gravit.repackage.io.netty.buffer.PooledByteBufAllocator]: -Dio.netty.allocator.pageSize: 8192
[11:52:09] [main/DEBUG] [pro.gravit.repackage.io.netty.buffer.PooledByteBufAllocator]: -Dio.netty.allocator.maxOrder: 11
[11:52:09] [main/DEBUG] [pro.gravit.repackage.io.netty.buffer.PooledByteBufAllocator]: -Dio.netty.allocator.chunkSize: 16777216
[11:52:09] [main/DEBUG] [pro.gravit.repackage.io.netty.buffer.PooledByteBufAllocator]: -Dio.netty.allocator.smallCacheSize: 256
[11:52:09] [main/DEBUG] [pro.gravit.repackage.io.netty.buffer.PooledByteBufAllocator]: -Dio.netty.allocator.normalCacheSize: 64
[11:52:09] [main/DEBUG] [pro.gravit.repackage.io.netty.buffer.PooledByteBufAllocator]: -Dio.netty.allocator.maxCachedBufferCapacity: 32768
[11:52:09] [main/DEBUG] [pro.gravit.repackage.io.netty.buffer.PooledByteBufAllocator]: -Dio.netty.allocator.cacheTrimInterval: 8192
[11:52:09] [main/DEBUG] [pro.gravit.repackage.io.netty.buffer.PooledByteBufAllocator]: -Dio.netty.allocator.cacheTrimIntervalMillis: 0
[11:52:09] [main/DEBUG] [pro.gravit.repackage.io.netty.buffer.PooledByteBufAllocator]: -Dio.netty.allocator.useCacheForAllThreads: true
[11:52:09] [main/DEBUG] [pro.gravit.repackage.io.netty.buffer.PooledByteBufAllocator]: -Dio.netty.allocator.maxCachedByteBuffersPerChunk: 1023
[11:52:09] [main/DEBUG] [pro.gravit.repackage.io.netty.buffer.ByteBufUtil]: -Dio.netty.allocator.type: pooled
[11:52:09] [main/DEBUG] [pro.gravit.repackage.io.netty.buffer.ByteBufUtil]: -Dio.netty.threadLocalDirectBufferSize: 0
[11:52:09] [main/DEBUG] [pro.gravit.repackage.io.netty.buffer.ByteBufUtil]: -Dio.netty.maxThreadLocalCharBufferSize: 16384
[11:52:09] [nioEventLoopGroup-2-1/DEBUG] [pro.gravit.repackage.io.netty.buffer.AbstractByteBuf]: -Dpro.gravit.repackage.io.netty.buffer.checkAccessible: true
[11:52:09] [nioEventLoopGroup-2-1/DEBUG] [pro.gravit.repackage.io.netty.buffer.AbstractByteBuf]: -Dpro.gravit.repackage.io.netty.buffer.checkBounds: true
[11:52:09] [nioEventLoopGroup-2-1/DEBUG] [pro.gravit.repackage.io.netty.util.ResourceLeakDetectorFactory]: Loaded default ResourceLeakDetector: pro.gravit.repackage.io.netty.util.ResourceLeakDetector@683a695e
[11:52:10] [nioEventLoopGroup-2-1/DEBUG] [pro.gravit.repackage.io.netty.handler.codec.http.websocketx.WebSocketClientHandshaker13]: WebSocket version 13 client handshake key: fZhBRpX+10rT90g2HNCgTg==, expected response: N1qa19OHza+/NCiDKfftiiNwczA=
[11:52:10] [nioEventLoopGroup-2-1/DEBUG] [pro.gravit.repackage.io.netty.util.Recycler]: -Dio.netty.recycler.maxCapacityPerThread: 4096
[11:52:10] [nioEventLoopGroup-2-1/DEBUG] [pro.gravit.repackage.io.netty.util.Recycler]: -Dio.netty.recycler.maxSharedCapacityFactor: 2
[11:52:10] [nioEventLoopGroup-2-1/DEBUG] [pro.gravit.repackage.io.netty.util.Recycler]: -Dio.netty.recycler.linkCapacity: 16
[11:52:10] [nioEventLoopGroup-2-1/DEBUG] [pro.gravit.repackage.io.netty.util.Recycler]: -Dio.netty.recycler.ratio: 8
[11:52:10] [nioEventLoopGroup-2-1/DEBUG] [pro.gravit.repackage.io.netty.util.Recycler]: -Dio.netty.recycler.delayedQueue.ratio: 8
[11:52:10] [nioEventLoopGroup-2-1/TRACE] [pro.gravit.repackage.io.netty.handler.codec.http.websocketx.WebSocket08FrameEncoder]: Encoding WebSocket Frame opCode=1 length=384
[11:52:10] [nioEventLoopGroup-2-1/TRACE] [pro.gravit.repackage.io.netty.handler.codec.http.websocketx.WebSocket08FrameDecoder]: Decoding WebSocket Frame opCode=1
[11:52:10] [nioEventLoopGroup-2-1/TRACE] [pro.gravit.repackage.io.netty.handler.codec.http.websocketx.WebSocket08FrameDecoder]: Decoding WebSocket Frame length=90
[11:52:10] [nioEventLoopGroup-2-1/TRACE] [pro.gravit.repackage.io.netty.handler.codec.http.websocketx.WebSocket08FrameEncoder]: Encoding WebSocket Frame opCode=1 length=72
[11:52:10] [nioEventLoopGroup-2-1/TRACE] [pro.gravit.repackage.io.netty.handler.codec.http.websocketx.WebSocket08FrameDecoder]: Decoding WebSocket Frame opCode=1
[11:52:10] [nioEventLoopGroup-2-1/TRACE] [pro.gravit.repackage.io.netty.handler.codec.http.websocketx.WebSocket08FrameDecoder]: Decoding WebSocket Frame length=2925
[11:52:10] [main/INFO] [LaunchWrapper]: Loading tweak class name net.minecraftforge.fml.common.launcher.FMLServerTweaker
[11:52:10] [main/INFO] [LaunchWrapper]: Using primary tweak class name net.minecraftforge.fml.common.launcher.FMLServerTweaker
[11:52:10] [main/INFO] [LaunchWrapper]: Calling tweak class net.minecraftforge.fml.common.launcher.FMLServerTweaker
[11:52:10] [main/DEBUG] [FML]: Injecting tracing printstreams for STDOUT/STDERR.
[11:52:10] [main/INFO] [FML]: Forge Mod Loader version 14.23.5.2855 for Minecraft 1.12.2 loading
[11:52:10] [main/INFO] [FML]: Java is OpenJDK 64-Bit Server VM, version 1.8.0_292, running on Linux:amd64:5.4.0-91-generic, installed at /usr/lib/jvm/adoptopenjdk-8-hotspot-amd64/jre
[11:52:10] [main/DEBUG] [FML]: Java classpath at launch is:
[11:52:10] [main/DEBUG] [FML]:     ServerWrapper.jar
[11:52:10] [main/DEBUG] [FML]:     server.jar
[11:52:10] [main/DEBUG] [FML]: Java library path at launch is:
[11:52:10] [main/DEBUG] [FML]:     /usr/java/packages/lib/amd64
[11:52:10] [main/DEBUG] [FML]:     /usr/lib64
[11:52:10] [main/DEBUG] [FML]:     /lib64
[11:52:10] [main/DEBUG] [FML]:     /lib
[11:52:10] [main/DEBUG] [FML]:     /usr/lib
[11:52:10] [main/DEBUG] [FML]: Determined Minecraft Libraries Root: /root/server/libraries
[11:52:10] [main/DEBUG] [FML]: Cleaning up mods folder: ./mods
[11:52:10] [main/DEBUG] [FML]: Examining file: industrialcraft_2_2.8.221_ex112.jar
[11:52:10] [main/DEBUG] [FML]: Examining file: BiomesOPlenty-1.12.2-7.0.1.2444-universal.jar
[11:52:10] [main/DEBUG] [FML]: Examining file: SpartanWeaponry_1.12.2_beta_1.3.3.jar
[11:52:10] [main/DEBUG] [FML]: Examining file: City_Cars_IV_1.12.2_1.4.5.jar
[11:52:10] [main/DEBUG] [FML]: Examining file: furniture-6.3.1-1.12.2-2n.jar
[11:52:10] [main/DEBUG] [FML]: Examining file: jei_1.12.2-4.16.1.302.jar
[11:52:10] [main/DEBUG] [FML]: Examining file: Ordinary-Coins-Mod-1.12.2.jar
[11:52:10] [main/DEBUG] [FML]: Examining file: mcw_windows_1.0.0_mc1.12.2.jar
[11:52:10] [main/DEBUG] [FML]: Examining file: MTS_Official_Pack_V22.jar
[11:52:10] [main/DEBUG] [FML]: Examining file: stairway_1.12.2_v09.jar
[11:52:10] [main/DEBUG] [FML]: Examining file: ImmersiveVehicles-1.12.2-20.3.0.jar
[11:52:10] [main/DEBUG] [FML]: Cleaning up mods folder: ./mods/1.12.2
[11:52:10] [main/DEBUG] [FML]: Enabling runtime deobfuscation
[11:52:10] [main/DEBUG] [FML]: Instantiating coremod class FMLCorePlugin
[11:52:10] [main/WARN] [FML]: The coremod FMLCorePlugin (net.minecraftforge.fml.relauncher.FMLCorePlugin) is not signed!
[11:52:10] [main/DEBUG] [FML]: Added access transformer class net.minecraftforge.fml.common.asm.transformers.AccessTransformer to enqueued access transformers
[11:52:10] [main/DEBUG] [FML]: Enqueued coremod FMLCorePlugin
[11:52:10] [main/DEBUG] [FML]: Instantiating coremod class FMLForgePlugin
[11:52:10] [main/WARN] [FML]: The coremod FMLForgePlugin (net.minecraftforge.classloading.FMLForgePlugin) is not signed!
[11:52:10] [main/DEBUG] [FML]: Enqueued coremod FMLForgePlugin
[11:52:10] [main/DEBUG] [FML]: Instantiating coremod class MagmaCorePlugin
[11:52:10] [main/WARN] [FML]: The coremod MagmaCorePlugin (org.magmafoundation.magma.MagmaCorePlugin) is not signed!
[11:52:12] [main/INFO] [FML]: 3 mod patches loaded!
[11:52:12] [main/INFO] [FML]: naturessompass loaded
[11:52:12] [main/INFO] [FML]: FirstAid loaded
[11:52:12] [main/INFO] [FML]: FTB-Quest loaded
[11:52:12] [main/DEBUG] [FML]: Enqueued coremod MagmaCorePlugin
[11:52:12] [main/DEBUG] [FML]: All fundamental core mods are successfully located
[11:52:12] [main/DEBUG] [FML]: Discovering coremods
[11:52:12] [main/INFO] [FML]: Searching /root/server/./mods for mods
[11:52:12] [main/DEBUG] [FML]:   Adding industrialcraft_2_2.8.221_ex112.jar to the mod list
[11:52:12] [main/DEBUG] [FML]:   Adding BiomesOPlenty-1.12.2-7.0.1.2444-universal.jar to the mod list
[11:52:12] [main/DEBUG] [FML]:   Adding SpartanWeaponry_1.12.2_beta_1.3.3.jar to the mod list
[11:52:12] [main/DEBUG] [FML]:   Adding City_Cars_IV_1.12.2_1.4.5.jar to the mod list
[11:52:12] [main/DEBUG] [FML]:   Adding furniture-6.3.1-1.12.2-2n.jar to the mod list
[11:52:12] [main/DEBUG] [FML]:   Adding jei_1.12.2-4.16.1.302.jar to the mod list
[11:52:12] [main/DEBUG] [FML]:   Adding Ordinary-Coins-Mod-1.12.2.jar to the mod list
[11:52:12] [main/DEBUG] [FML]:   Adding mcw_windows_1.0.0_mc1.12.2.jar to the mod list
[11:52:12] [main/DEBUG] [FML]:   Adding MTS_Official_Pack_V22.jar to the mod list
[11:52:12] [main/DEBUG] [FML]:   Adding stairway_1.12.2_v09.jar to the mod list
[11:52:12] [main/DEBUG] [FML]:   Adding ImmersiveVehicles-1.12.2-20.3.0.jar to the mod list
[11:52:12] [main/INFO] [FML]: Searching /root/server/./mods/1.12.2 for mods
[11:52:12] [main/DEBUG] [FML]: Examining for coremod candidacy BiomesOPlenty-1.12.2-7.0.1.2444-universal.jar
[11:52:12] [main/DEBUG] [FML]: Not found coremod data in BiomesOPlenty-1.12.2-7.0.1.2444-universal.jar
[11:52:12] [main/DEBUG] [FML]: Examining for coremod candidacy City_Cars_IV_1.12.2_1.4.5.jar
[11:52:12] [main/DEBUG] [FML]: Examining for coremod candidacy furniture-6.3.1-1.12.2-2n.jar
[11:52:12] [main/DEBUG] [FML]: Not found coremod data in furniture-6.3.1-1.12.2-2n.jar
[11:52:12] [main/DEBUG] [FML]: Examining for coremod candidacy ImmersiveVehicles-1.12.2-20.3.0.jar
[11:52:12] [main/DEBUG] [FML]: Not found coremod data in ImmersiveVehicles-1.12.2-20.3.0.jar
[11:52:12] [main/DEBUG] [FML]: Examining for coremod candidacy industrialcraft_2_2.8.221_ex112.jar
[11:52:12] [main/DEBUG] [FML]: Not found coremod data in industrialcraft_2_2.8.221_ex112.jar
[11:52:12] [main/DEBUG] [FML]: Examining for coremod candidacy jei_1.12.2-4.16.1.302.jar
[11:52:12] [main/DEBUG] [FML]: Not found coremod data in jei_1.12.2-4.16.1.302.jar
[11:52:12] [main/DEBUG] [FML]: Examining for coremod candidacy mcw_windows_1.0.0_mc1.12.2.jar
[11:52:12] [main/DEBUG] [FML]: Not found coremod data in mcw_windows_1.0.0_mc1.12.2.jar
[11:52:12] [main/DEBUG] [FML]: Examining for coremod candidacy MTS_Official_Pack_V22.jar
[11:52:12] [main/DEBUG] [FML]: Examining for coremod candidacy Ordinary-Coins-Mod-1.12.2.jar
[11:52:12] [main/DEBUG] [FML]: Not found coremod data in Ordinary-Coins-Mod-1.12.2.jar
[11:52:12] [main/DEBUG] [FML]: Examining for coremod candidacy SpartanWeaponry_1.12.2_beta_1.3.3.jar
[11:52:12] [main/DEBUG] [FML]: Not found coremod data in SpartanWeaponry_1.12.2_beta_1.3.3.jar
[11:52:12] [main/DEBUG] [FML]: Examining for coremod candidacy stairway_1.12.2_v09.jar
[11:52:12] [main/DEBUG] [FML]: Not found coremod data in stairway_1.12.2_v09.jar
[11:52:12] [main/INFO] [LaunchWrapper]: Loading tweak class name net.minecraftforge.fml.common.launcher.FMLInjectionAndSortingTweaker
[11:52:12] [main/INFO] [LaunchWrapper]: Loading tweak class name net.minecraftforge.fml.common.launcher.FMLDeobfTweaker
[11:52:12] [main/INFO] [LaunchWrapper]: Calling tweak class net.minecraftforge.fml.common.launcher.FMLInjectionAndSortingTweaker
[11:52:12] [main/INFO] [LaunchWrapper]: Calling tweak class net.minecraftforge.fml.common.launcher.FMLInjectionAndSortingTweaker
[11:52:12] [main/INFO] [LaunchWrapper]: Calling tweak class net.minecraftforge.fml.relauncher.CoreModManager$FMLPluginWrapper
[11:52:12] [main/DEBUG] [FML]: Injecting coremod FMLCorePlugin \{net.minecraftforge.fml.relauncher.FMLCorePlugin\} class transformers
[11:52:12] [main/TRACE] [FML]: Registering transformer net.minecraftforge.fml.common.asm.transformers.SideTransformer
[11:52:12] [main/TRACE] [FML]: Registering transformer net.minecraftforge.fml.common.asm.transformers.EventSubscriptionTransformer
[11:52:12] [main/TRACE] [FML]: Registering transformer net.minecraftforge.fml.common.asm.transformers.EventSubscriberTransformer
[11:52:12] [main/TRACE] [FML]: Registering transformer net.minecraftforge.fml.common.asm.transformers.SoundEngineFixTransformer
[11:52:12] [main/DEBUG] [FML]: Injection complete
[11:52:12] [main/DEBUG] [FML]: Running coremod plugin for FMLCorePlugin \{net.minecraftforge.fml.relauncher.FMLCorePlugin\}
[11:52:12] [main/DEBUG] [FML]: Running coremod plugin FMLCorePlugin
[11:52:14] [main/DEBUG] [FML]: Coremod plugin class FMLCorePlugin run successfully
[11:52:14] [main/INFO] [LaunchWrapper]: Calling tweak class net.minecraftforge.fml.relauncher.CoreModManager$FMLPluginWrapper
[11:52:14] [main/DEBUG] [FML]: Injecting coremod FMLForgePlugin \{net.minecraftforge.classloading.FMLForgePlugin\} class transformers
[11:52:14] [main/DEBUG] [FML]: Injection complete
[11:52:14] [main/DEBUG] [FML]: Running coremod plugin for FMLForgePlugin \{net.minecraftforge.classloading.FMLForgePlugin\}
[11:52:14] [main/DEBUG] [FML]: Running coremod plugin FMLForgePlugin
[11:52:14] [main/DEBUG] [FML]: Coremod plugin class FMLForgePlugin run successfully
[11:52:14] [main/INFO] [LaunchWrapper]: Calling tweak class net.minecraftforge.fml.relauncher.CoreModManager$FMLPluginWrapper
[11:52:14] [main/DEBUG] [FML]: Injecting coremod MagmaCorePlugin \{org.magmafoundation.magma.MagmaCorePlugin\} class transformers
[11:52:14] [main/TRACE] [FML]: Registering transformer org.magmafoundation.magma.modPatcher.patches.NaturesCompassPatch
[11:52:14] [main/TRACE] [FML]: Registering transformer org.magmafoundation.magma.modPatcher.patches.FirstAidPatch
[11:52:14] [main/TRACE] [FML]: Registering transformer org.magmafoundation.magma.modPatcher.patches.FTBQuestPatch
[11:52:14] [main/DEBUG] [FML]: Injection complete
[11:52:14] [main/DEBUG] [FML]: Running coremod plugin for MagmaCorePlugin \{org.magmafoundation.magma.MagmaCorePlugin\}
[11:52:14] [main/DEBUG] [FML]: Running coremod plugin MagmaCorePlugin
[11:52:14] [main/DEBUG] [FML]: Coremod plugin class MagmaCorePlugin run successfully
[11:52:14] [main/INFO] [LaunchWrapper]: Calling tweak class net.minecraftforge.fml.common.launcher.FMLDeobfTweaker
[11:52:14] [main/DEBUG] [FML]: Validating minecraft
[11:52:14] [main/DEBUG] [FML]: Minecraft validated, launching...
[11:52:14] [main/INFO] [LaunchWrapper]: Loading tweak class name net.minecraftforge.fml.common.launcher.TerminalTweaker
[11:52:14] [main/INFO] [LaunchWrapper]: Calling tweak class net.minecraftforge.fml.common.launcher.TerminalTweaker
[11:52:15] [main/INFO] [LaunchWrapper]: Launching wrapped minecraft {net.minecraft.server.MinecraftServer}
[11:52:19] [main/INFO] [FML]: 3 patches loaded!
[11:52:19] [main/INFO] [FML]: CoreProtect [Changes Material to Magma's getBlockMaterial that has modded block materials ] loaded
[11:52:19] [main/INFO] [FML]: dynmap [Remaps BukkitVersionHelperCB and BukkitVersionHelperGeneric to support Magma version] loaded
[11:52:19] [main/INFO] [FML]: Essentials [Fixes Commands in Essentials] loaded
[11:52:20] [Server thread/INFO] [FML]: Searching /root/server/./mods for mods
[11:52:20] [Server thread/DEBUG] [FML]:   Adding industrialcraft_2_2.8.221_ex112.jar to the mod list
[11:52:20] [Server thread/DEBUG] [FML]:   Adding BiomesOPlenty-1.12.2-7.0.1.2444-universal.jar to the mod list
[11:52:20] [Server thread/DEBUG] [FML]:   Adding SpartanWeaponry_1.12.2_beta_1.3.3.jar to the mod list
[11:52:20] [Server thread/DEBUG] [FML]:   Adding City_Cars_IV_1.12.2_1.4.5.jar to the mod list
[11:52:20] [Server thread/DEBUG] [FML]:   Adding furniture-6.3.1-1.12.2-2n.jar to the mod list
[11:52:20] [Server thread/DEBUG] [FML]:   Adding jei_1.12.2-4.16.1.302.jar to the mod list
[11:52:20] [Server thread/DEBUG] [FML]:   Adding Ordinary-Coins-Mod-1.12.2.jar to the mod list
[11:52:20] [Server thread/DEBUG] [FML]:   Adding mcw_windows_1.0.0_mc1.12.2.jar to the mod list
[11:52:20] [Server thread/DEBUG] [FML]:   Adding MTS_Official_Pack_V22.jar to the mod list
[11:52:20] [Server thread/DEBUG] [FML]:   Adding stairway_1.12.2_v09.jar to the mod list
[11:52:20] [Server thread/DEBUG] [FML]:   Adding ImmersiveVehicles-1.12.2-20.3.0.jar to the mod list
[11:52:20] [Server thread/INFO] [FML]: Searching /root/server/./mods/1.12.2 for mods
[11:52:30] [nioEventLoopGroup-2-1/TRACE] [pro.gravit.repackage.io.netty.handler.codec.http.websocketx.WebSocket08FrameEncoder]: Encoding WebSocket Frame opCode=9 length=0
[11:52:30] [nioEventLoopGroup-2-1/TRACE] [pro.gravit.repackage.io.netty.handler.codec.http.websocketx.WebSocket08FrameDecoder]: Decoding WebSocket Frame opCode=10
[11:52:30] [nioEventLoopGroup-2-1/TRACE] [pro.gravit.repackage.io.netty.handler.codec.http.websocketx.WebSocket08FrameDecoder]: Decoding WebSocket Frame length=0
[11:52:40] [nioEventLoopGroup-2-1/TRACE] [pro.gravit.repackage.io.netty.handler.codec.http.websocketx.WebSocket08FrameDecoder]: Decoding WebSocket Frame opCode=9
[11:52:40] [nioEventLoopGroup-2-1/TRACE] [pro.gravit.repackage.io.netty.handler.codec.http.websocketx.WebSocket08FrameDecoder]: Decoding WebSocket Frame length=0
[11:52:40] [nioEventLoopGroup-2-1/TRACE] [pro.gravit.repackage.io.netty.handler.codec.http.websocketx.WebSocket08FrameEncoder]: Encoding WebSocket Frame opCode=10 length=0
[11:52:50] [nioEventLoopGroup-2-1/TRACE] [pro.gravit.repackage.io.netty.handler.codec.http.websocketx.WebSocket08FrameEncoder]: Encoding WebSocket Frame opCode=9 length=0
[11:52:50] [nioEventLoopGroup-2-1/TRACE] [pro.gravit.repackage.io.netty.handler.codec.http.websocketx.WebSocket08FrameDecoder]: Decoding WebSocket Frame opCode=10
[11:52:50] [nioEventLoopGroup-2-1/TRACE] [pro.gravit.repackage.io.netty.handler.codec.http.websocketx.WebSocket08FrameDecoder]: Decoding WebSocket Frame length=0
[11:53:10] [nioEventLoopGroup-2-1/TRACE] [pro.gravit.repackage.io.netty.handler.codec.http.websocketx.WebSocket08FrameDecoder]: Decoding WebSocket Frame opCode=9
[11:53:10] [nioEventLoopGroup-2-1/TRACE] [pro.gravit.repackage.io.netty.handler.codec.http.websocketx.WebSocket08FrameDecoder]: Decoding WebSocket Frame length=0
[11:53:10] [nioEventLoopGroup-2-1/TRACE] [pro.gravit.repackage.io.netty.handler.codec.http.websocketx.WebSocket08FrameEncoder]: Encoding WebSocket Frame opCode=10 length=0
[11:53:10] [nioEventLoopGroup-2-1/TRACE] [pro.gravit.repackage.io.netty.handler.codec.http.websocketx.WebSocket08FrameEncoder]: Encoding WebSocket Frame opCode=9 length=0
[11:53:10] [nioEventLoopGroup-2-1/TRACE] [pro.gravit.repackage.io.netty.handler.codec.http.websocketx.WebSocket08FrameDecoder]: Decoding WebSocket Frame opCode=10
[11:53:10] [nioEventLoopGroup-2-1/TRACE] [pro.gravit.repackage.io.netty.handler.codec.http.websocketx.WebSocket08FrameDecoder]: Decoding WebSocket Frame length=0
[11:53:31] [nioEventLoopGroup-2-1/TRACE] [pro.gravit.repackage.io.netty.handler.codec.http.websocketx.WebSocket08FrameEncoder]: Encoding WebSocket Frame opCode=9 length=0
[11:53:31] [nioEventLoopGroup-2-1/TRACE] [pro.gravit.repackage.io.netty.handler.codec.http.websocketx.WebSocket08FrameDecoder]: Decoding WebSocket Frame opCode=10
[11:53:31] [nioEventLoopGroup-2-1/TRACE] [pro.gravit.repackage.io.netty.handler.codec.http.websocketx.WebSocket08FrameDecoder]: Decoding WebSocket Frame length=0
[11:53:40] [nioEventLoopGroup-2-1/TRACE] [pro.gravit.repackage.io.netty.handler.codec.http.websocketx.WebSocket08FrameDecoder]: Decoding WebSocket Frame opCode=9
[11:53:40] [nioEventLoopGroup-2-1/TRACE] [pro.gravit.repackage.io.netty.handler.codec.http.websocketx.WebSocket08FrameDecoder]: Decoding WebSocket Frame length=0
[11:53:40] [nioEventLoopGroup-2-1/TRACE] [pro.gravit.repackage.io.netty.handler.codec.http.websocketx.WebSocket08FrameEncoder]: Encoding WebSocket Frame opCode=10 length=0
[11:53:51] [nioEventLoopGroup-2-1/TRACE] [pro.gravit.repackage.io.netty.handler.codec.http.websocketx.WebSocket08FrameEncoder]: Encoding WebSocket Frame opCode=9 length=0
[11:53:51] [nioEventLoopGroup-2-1/TRACE] [pro.gravit.repackage.io.netty.handler.codec.http.websocketx.WebSocket08FrameDecoder]: Decoding WebSocket Frame opCode=10
[11:53:51] [nioEventLoopGroup-2-1/TRACE] [pro.gravit.repackage.io.netty.handler.codec.http.websocketx.WebSocket08FrameDecoder]: Decoding WebSocket Frame length=0
[11:54:10] [nioEventLoopGroup-2-1/TRACE] [pro.gravit.repackage.io.netty.handler.codec.http.websocketx.WebSocket08FrameDecoder]: Decoding WebSocket Frame opCode=9
[11:54:10] [nioEventLoopGroup-2-1/TRACE] [pro.gravit.repackage.io.netty.handler.codec.http.websocketx.WebSocket08FrameDecoder]: Decoding WebSocket Frame length=0
[11:54:10] [nioEventLoopGroup-2-1/TRACE] [pro.gravit.repackage.io.netty.handler.codec.http.websocketx.WebSocket08FrameEncoder]: Encoding WebSocket Frame opCode=10 length=0
[11:54:11] [nioEventLoopGroup-2-1/TRACE] [pro.gravit.repackage.io.netty.handler.codec.http.websocketx.WebSocket08FrameEncoder]: Encoding WebSocket Frame opCode=9 length=0
[11:54:11] [nioEventLoopGroup-2-1/TRACE] [pro.gravit.repackage.io.netty.handler.codec.http.websocketx.WebSocket08FrameDecoder]: Decoding WebSocket Frame opCode=10
[11:54:11] [nioEventLoopGroup-2-1/TRACE] [pro.gravit.repackage.io.netty.handler.codec.http.websocketx.WebSocket08FrameDecoder]: Decoding WebSocket Frame length=0
[11:54:31] [nioEventLoopGroup-2-1/TRACE] [pro.gravit.repackage.io.netty.handler.codec.http.websocketx.WebSocket08FrameEncoder]: Encoding WebSocket Frame opCode=9 length=0
[11:54:31] [nioEventLoopGroup-2-1/TRACE] [pro.gravit.repackage.io.netty.handler.codec.http.websocketx.WebSocket08FrameDecoder]: Decoding WebSocket Frame opCode=10
[11:54:31] [nioEventLoopGroup-2-1/TRACE] [pro.gravit.repackage.io.netty.handler.codec.http.websocketx.WebSocket08FrameDecoder]: Decoding WebSocket Frame length=0
[11:54:40] [nioEventLoopGroup-2-1/TRACE] [pro.gravit.repackage.io.netty.handler.codec.http.websocketx.WebSocket08FrameDecoder]: Decoding WebSocket Frame opCode=9
[11:54:40] [nioEventLoopGroup-2-1/TRACE] [pro.gravit.repackage.io.netty.handler.codec.http.websocketx.WebSocket08FrameDecoder]: Decoding WebSocket Frame length=0
[11:54:40] [nioEventLoopGroup-2-1/TRACE] [pro.gravit.repackage.io.netty.handler.codec.http.websocketx.WebSocket08FrameEncoder]: Encoding WebSocket Frame opCode=10 length=0
[11:54:51] [nioEventLoopGroup-2-1/TRACE] [pro.gravit.repackage.io.netty.handler.codec.http.websocketx.WebSocket08FrameEncoder]: Encoding WebSocket Frame opCode=9 length=0
[11:54:51] [nioEventLoopGroup-2-1/TRACE] [pro.gravit.repackage.io.netty.handler.codec.http.websocketx.WebSocket08FrameDecoder]: Decoding WebSocket Frame opCode=10
[11:54:51] [nioEventLoopGroup-2-1/TRACE] [pro.gravit.repackage.io.netty.handler.codec.http.websocketx.WebSocket08FrameDecoder]: Decoding WebSocket Frame length=0
[11:55:10] [nioEventLoopGroup-2-1/TRACE] [pro.gravit.repackage.io.netty.handler.codec.http.websocketx.WebSocket08FrameDecoder]: Decoding WebSocket Frame opCode=9
[11:55:10] [nioEventLoopGroup-2-1/TRACE] [pro.gravit.repackage.io.netty.handler.codec.http.websocketx.WebSocket08FrameDecoder]: Decoding WebSocket Frame length=0
[11:55:10] [nioEventLoopGroup-2-1/TRACE] [pro.gravit.repackage.io.netty.handler.codec.http.websocketx.WebSocket08FrameEncoder]: Encoding WebSocket Frame opCode=10 length=0
[11:55:11] [nioEventLoopGroup-2-1/TRACE] [pro.gravit.repackage.io.netty.handler.codec.http.websocketx.WebSocket08FrameEncoder]: Encoding WebSocket Frame opCode=9 length=0
[11:55:11] [nioEventLoopGroup-2-1/TRACE] [pro.gravit.repackage.io.netty.handler.codec.http.websocketx.WebSocket08FrameDecoder]: Decoding WebSocket Frame opCode=10
[11:55:11] [nioEventLoopGroup-2-1/TRACE] [pro.gravit.repackage.io.netty.handler.codec.http.websocketx.WebSocket08FrameDecoder]: Decoding WebSocket Frame length=0
[11:55:31] [nioEventLoopGroup-2-1/TRACE] [pro.gravit.repackage.io.netty.handler.codec.http.websocketx.WebSocket08FrameEncoder]: Encoding WebSocket Frame opCode=9 length=0
[11:55:31] [nioEventLoopGroup-2-1/TRACE] [pro.gravit.repackage.io.netty.handler.codec.http.websocketx.WebSocket08FrameDecoder]: Decoding WebSocket Frame opCode=10
[11:55:31] [nioEventLoopGroup-2-1/TRACE] [pro.gravit.repackage.io.netty.handler.codec.http.websocketx.WebSocket08FrameDecoder]: Decoding WebSocket Frame length=0
[11:55:40] [nioEventLoopGroup-2-1/TRACE] [pro.gravit.repackage.io.netty.handler.codec.http.websocketx.WebSocket08FrameDecoder]: Decoding WebSocket Frame opCode=9
[11:55:40] [nioEventLoopGroup-2-1/TRACE] [pro.gravit.repackage.io.netty.handler.codec.http.websocketx.WebSocket08FrameDecoder]: Decoding WebSocket Frame length=0
[11:55:40] [nioEventLoopGroup-2-1/TRACE] [pro.gravit.repackage.io.netty.handler.codec.http.websocketx.WebSocket08FrameEncoder]: Encoding WebSocket Frame opCode=10 length=0
[11:55:51] [nioEventLoopGroup-2-1/TRACE] [pro.gravit.repackage.io.netty.handler.codec.http.websocketx.WebSocket08FrameEncoder]: Encoding WebSocket Frame opCode=9 length=0
[11:55:51] [nioEventLoopGroup-2-1/TRACE] [pro.gravit.repackage.io.netty.handler.codec.http.websocketx.WebSocket08FrameDecoder]: Decoding WebSocket Frame opCode=10
[11:55:51] [nioEventLoopGroup-2-1/TRACE] [pro.gravit.repackage.io.netty.handler.codec.http.websocketx.WebSocket08FrameDecoder]: Decoding WebSocket Frame length=0
[11:56:10] [nioEventLoopGroup-2-1/TRACE] [pro.gravit.repackage.io.netty.handler.codec.http.websocketx.WebSocket08FrameDecoder]: Decoding WebSocket Frame opCode=9
[11:56:10] [nioEventLoopGroup-2-1/TRACE] [pro.gravit.repackage.io.netty.handler.codec.http.websocketx.WebSocket08FrameDecoder]: Decoding WebSocket Frame length=0
[11:56:10] [nioEventLoopGroup-2-1/TRACE] [pro.gravit.repackage.io.netty.handler.codec.http.websocketx.WebSocket08FrameEncoder]: Encoding WebSocket Frame opCode=10 length=0
[11:56:11] [nioEventLoopGroup-2-1/TRACE] [pro.gravit.repackage.io.netty.handler.codec.http.websocketx.WebSocket08FrameEncoder]: Encoding WebSocket Frame opCode=9 length=0
[11:56:11] [nioEventLoopGroup-2-1/TRACE] [pro.gravit.repackage.io.netty.handler.codec.http.websocketx.WebSocket08FrameDecoder]: Decoding WebSocket Frame opCode=10
[11:56:11] [nioEventLoopGroup-2-1/TRACE] [pro.gravit.repackage.io.netty.handler.codec.http.websocketx.WebSocket08FrameDecoder]: Decoding WebSocket Frame length=0
[11:56:31] [nioEventLoopGroup-2-1/TRACE] [pro.gravit.repackage.io.netty.handler.codec.http.websocketx.WebSocket08FrameEncoder]: Encoding WebSocket Frame opCode=9 length=0
[11:56:31] [nioEventLoopGroup-2-1/TRACE] [pro.gravit.repackage.io.netty.handler.codec.http.websocketx.WebSocket08FrameDecoder]: Decoding WebSocket Frame opCode=10
[11:56:31] [nioEventLoopGroup-2-1/TRACE] [pro.gravit.repackage.io.netty.handler.codec.http.websocketx.WebSocket08FrameDecoder]: Decoding WebSocket Frame length=0
[11:56:40] [nioEventLoopGroup-2-1/TRACE] [pro.gravit.repackage.io.netty.handler.codec.http.websocketx.WebSocket08FrameDecoder]: Decoding WebSocket Frame opCode=9
[11:56:40] [nioEventLoopGroup-2-1/TRACE] [pro.gravit.repackage.io.netty.handler.codec.http.websocketx.WebSocket08FrameDecoder]: Decoding WebSocket Frame length=0
[11:56:40] [nioEventLoopGroup-2-1/TRACE] [pro.gravit.repackage.io.netty.handler.codec.http.websocketx.WebSocket08FrameEncoder]: Encoding WebSocket Frame opCode=10 length=0
[11:56:51] [nioEventLoopGroup-2-1/TRACE] [pro.gravit.repackage.io.netty.handler.codec.http.websocketx.WebSocket08FrameEncoder]: Encoding WebSocket Frame opCode=9 length=0
[11:56:51] [nioEventLoopGroup-2-1/TRACE] [pro.gravit.repackage.io.netty.handler.codec.http.websocketx.WebSocket08FrameDecoder]: Decoding WebSocket Frame opCode=10
[11:56:51] [nioEventLoopGroup-2-1/TRACE] [pro.gravit.repackage.io.netty.handler.codec.http.websocketx.WebSocket08FrameDecoder]: Decoding WebSocket Frame length=0
[11:57:10] [nioEventLoopGroup-2-1/TRACE] [pro.gravit.repackage.io.netty.handler.codec.http.websocketx.WebSocket08FrameDecoder]: Decoding WebSocket Frame opCode=9
[11:57:10] [nioEventLoopGroup-2-1/TRACE] [pro.gravit.repackage.io.netty.handler.codec.http.websocketx.WebSocket08FrameDecoder]: Decoding WebSocket Frame length=0
[11:57:10] [nioEventLoopGroup-2-1/TRACE] [pro.gravit.repackage.io.netty.handler.codec.http.websocketx.WebSocket08FrameEncoder]: Encoding WebSocket Frame opCode=10 length=0
[11:57:11] [nioEventLoopGroup-2-1/TRACE] [pro.gravit.repackage.io.netty.handler.codec.http.websocketx.WebSocket08FrameEncoder]: Encoding WebSocket Frame opCode=9 length=0
[11:57:11] [nioEventLoopGroup-2-1/TRACE] [pro.gravit.repackage.io.netty.handler.codec.http.websocketx.WebSocket08FrameDecoder]: Decoding WebSocket Frame opCode=10
[11:57:11] [nioEventLoopGroup-2-1/TRACE] [pro.gravit.repackage.io.netty.handler.codec.http.websocketx.WebSocket08FrameDecoder]: Decoding WebSocket Frame length=0
[11:57:31] [nioEventLoopGroup-2-1/TRACE] [pro.gravit.repackage.io.netty.handler.codec.http.websocketx.WebSocket08FrameEncoder]: Encoding WebSocket Frame opCode=9 length=0
[11:57:31] [nioEventLoopGroup-2-1/TRACE] [pro.gravit.repackage.io.netty.handler.codec.http.websocketx.WebSocket08FrameDecoder]: Decoding WebSocket Frame opCode=10
[11:57:31] [nioEventLoopGroup-2-1/TRACE] [pro.gravit.repackage.io.netty.handler.codec.http.websocketx.WebSocket08FrameDecoder]: Decoding WebSocket Frame length=0
[11:57:40] [nioEventLoopGroup-2-1/TRACE] [pro.gravit.repackage.io.netty.handler.codec.http.websocketx.WebSocket08FrameDecoder]: Decoding WebSocket Frame opCode=9
[11:57:40] [nioEventLoopGroup-2-1/TRACE] [pro.gravit.repackage.io.netty.handler.codec.http.websocketx.WebSocket08FrameDecoder]: Decoding WebSocket Frame length=0
[11:57:40] [nioEventLoopGroup-2-1/TRACE] [pro.gravit.repackage.io.netty.handler.codec.http.websocketx.WebSocket08FrameEncoder]: Encoding WebSocket Frame opCode=10 length=0
[11:57:51] [nioEventLoopGroup-2-1/TRACE] [pro.gravit.repackage.io.netty.handler.codec.http.websocketx.WebSocket08FrameEncoder]: Encoding WebSocket Frame opCode=9 length=0
[11:57:51] [nioEventLoopGroup-2-1/TRACE] [pro.gravit.repackage.io.netty.handler.codec.http.websocketx.WebSocket08FrameDecoder]: Decoding WebSocket Frame opCode=10
[11:57:51] [nioEventLoopGroup-2-1/TRACE] [pro.gravit.repackage.io.netty.handler.codec.http.websocketx.WebSocket08FrameDecoder]: Decoding WebSocket Frame length=0
[11:58:10] [nioEventLoopGroup-2-1/TRACE] [pro.gravit.repackage.io.netty.handler.codec.http.websocketx.WebSocket08FrameDecoder]: Decoding WebSocket Frame opCode=9
[11:58:10] [nioEventLoopGroup-2-1/TRACE] [pro.gravit.repackage.io.netty.handler.codec.http.websocketx.WebSocket08FrameDecoder]: Decoding WebSocket Frame length=0
[11:58:10] [nioEventLoopGroup-2-1/TRACE] [pro.gravit.repackage.io.netty.handler.codec.http.websocketx.WebSocket08FrameEncoder]: Encoding WebSocket Frame opCode=10 length=0
[11:58:11] [nioEventLoopGroup-2-1/TRACE] [pro.gravit.repackage.io.netty.handler.codec.http.websocketx.WebSocket08FrameEncoder]: Encoding WebSocket Frame opCode=9 length=0
[11:58:11] [nioEventLoopGroup-2-1/TRACE] [pro.gravit.repackage.io.netty.handler.codec.http.websocketx.WebSocket08FrameDecoder]: Decoding WebSocket Frame opCode=10
[11:58:11] [nioEventLoopGroup-2-1/TRACE] [pro.gravit.repackage.io.netty.handler.codec.http.websocketx.WebSocket08FrameDecoder]: Decoding WebSocket Frame length=0
[11:58:31] [nioEventLoopGroup-2-1/TRACE] [pro.gravit.repackage.io.netty.handler.codec.http.websocketx.WebSocket08FrameEncoder]: Encoding WebSocket Frame opCode=9 length=0
[11:58:31] [nioEventLoopGroup-2-1/TRACE] [pro.gravit.repackage.io.netty.handler.codec.http.websocketx.WebSocket08FrameDecoder]: Decoding WebSocket Frame opCode=10
[11:58:31] [nioEventLoopGroup-2-1/TRACE] [pro.gravit.repackage.io.netty.handler.codec.http.websocketx.WebSocket08FrameDecoder]: Decoding WebSocket Frame length=0
[11:58:40] [nioEventLoopGroup-2-1/TRACE] [pro.gravit.repackage.io.netty.handler.codec.http.websocketx.WebSocket08FrameDecoder]: Decoding WebSocket Frame opCode=9
[11:58:40] [nioEventLoopGroup-2-1/TRACE] [pro.gravit.repackage.io.netty.handler.codec.http.websocketx.WebSocket08FrameDecoder]: Decoding WebSocket Frame length=0
[11:58:40] [nioEventLoopGroup-2-1/TRACE] [pro.gravit.repackage.io.netty.handler.codec.http.websocketx.WebSocket08FrameEncoder]: Encoding WebSocket Frame opCode=10 length=0
[11:58:51] [nioEventLoopGroup-2-1/TRACE] [pro.gravit.repackage.io.netty.handler.codec.http.websocketx.WebSocket08FrameEncoder]: Encoding WebSocket Frame opCode=9 length=0
[11:58:51] [nioEventLoopGroup-2-1/TRACE] [pro.gravit.repackage.io.netty.handler.codec.http.websocketx.WebSocket08FrameDecoder]: Decoding WebSocket Frame opCode=10
[11:58:51] [nioEventLoopGroup-2-1/TRACE] [pro.gravit.repackage.io.netty.handler.codec.http.websocketx.WebSocket08FrameDecoder]: Decoding WebSocket Frame length=0
[11:59:10] [nioEventLoopGroup-2-1/TRACE] [pro.gravit.repackage.io.netty.handler.codec.http.websocketx.WebSocket08FrameDecoder]: Decoding WebSocket Frame opCode=9
[11:59:10] [nioEventLoopGroup-2-1/TRACE] [pro.gravit.repackage.io.netty.handler.codec.http.websocketx.WebSocket08FrameDecoder]: Decoding WebSocket Frame length=0
[11:59:10] [nioEventLoopGroup-2-1/TRACE] [pro.gravit.repackage.io.netty.handler.codec.http.websocketx.WebSocket08FrameEncoder]: Encoding WebSocket Frame opCode=10 length=0
[11:59:11] [nioEventLoopGroup-2-1/TRACE] [pro.gravit.repackage.io.netty.handler.codec.http.websocketx.WebSocket08FrameEncoder]: Encoding WebSocket Frame opCode=9 length=0
[11:59:11] [nioEventLoopGroup-2-1/TRACE] [pro.gravit.repackage.io.netty.handler.codec.http.websocketx.WebSocket08FrameDecoder]: Decoding WebSocket Frame opCode=10
[11:59:11] [nioEventLoopGroup-2-1/TRACE] [pro.gravit.repackage.io.netty.handler.codec.http.websocketx.WebSocket08FrameDecoder]: Decoding WebSocket Frame length=0
[11:59:31] [nioEventLoopGroup-2-1/TRACE] [pro.gravit.repackage.io.netty.handler.codec.http.websocketx.WebSocket08FrameEncoder]: Encoding WebSocket Frame opCode=9 length=0
[11:59:31] [nioEventLoopGroup-2-1/TRACE] [pro.gravit.repackage.io.netty.handler.codec.http.websocketx.WebSocket08FrameDecoder]: Decoding WebSocket Frame opCode=10
[11:59:31] [nioEventLoopGroup-2-1/TRACE] [pro.gravit.repackage.io.netty.handler.codec.http.websocketx.WebSocket08FrameDecoder]: Decoding WebSocket Frame length=0
[11:59:40] [nioEventLoopGroup-2-1/TRACE] [pro.gravit.repackage.io.netty.handler.codec.http.websocketx.WebSocket08FrameDecoder]: Decoding WebSocket Frame opCode=9
[11:59:40] [nioEventLoopGroup-2-1/TRACE] [pro.gravit.repackage.io.netty.handler.codec.http.websocketx.WebSocket08FrameDecoder]: Decoding WebSocket Frame length=0
[11:59:40] [nioEventLoopGroup-2-1/TRACE] [pro.gravit.repackage.io.netty.handler.codec.http.websocketx.WebSocket08FrameEncoder]: Encoding WebSocket Frame opCode=10 length=0
[11:59:51] [nioEventLoopGroup-2-1/TRACE] [pro.gravit.repackage.io.netty.handler.codec.http.websocketx.WebSocket08FrameEncoder]: Encoding WebSocket Frame opCode=9 length=0
[11:59:51] [nioEventLoopGroup-2-1/TRACE] [pro.gravit.repackage.io.netty.handler.codec.http.websocketx.WebSocket08FrameDecoder]: Decoding WebSocket Frame opCode=10
[11:59:51] [nioEventLoopGroup-2-1/TRACE] [pro.gravit.repackage.io.netty.handler.codec.http.websocketx.WebSocket08FrameDecoder]: Decoding WebSocket Frame length=0
[12:00:10] [nioEventLoopGroup-2-1/TRACE] [pro.gravit.repackage.io.netty.handler.codec.http.websocketx.WebSocket08FrameDecoder]: Decoding WebSocket Frame opCode=9
[12:00:10] [nioEventLoopGroup-2-1/TRACE] [pro.gravit.repackage.io.netty.handler.codec.http.websocketx.WebSocket08FrameDecoder]: Decoding WebSocket Frame length=0
[12:00:10] [nioEventLoopGroup-2-1/TRACE] [pro.gravit.repackage.io.netty.handler.codec.http.websocketx.WebSocket08FrameEncoder]: Encoding WebSocket Frame opCode=10 length=0
[12:00:11] [nioEventLoopGroup-2-1/TRACE] [pro.gravit.repackage.io.netty.handler.codec.http.websocketx.WebSocket08FrameEncoder]: Encoding WebSocket Frame opCode=9 length=0
[12:00:11] [nioEventLoopGroup-2-1/TRACE] [pro.gravit.repackage.io.netty.handler.codec.http.websocketx.WebSocket08FrameDecoder]: Decoding WebSocket Frame opCode=10
[12:00:11] [nioEventLoopGroup-2-1/TRACE] [pro.gravit.repackage.io.netty.handler.codec.http.websocketx.WebSocket08FrameDecoder]: Decoding WebSocket Frame length=0
[12:00:31] [nioEventLoopGroup-2-1/TRACE] [pro.gravit.repackage.io.netty.handler.codec.http.websocketx.WebSocket08FrameEncoder]: Encoding WebSocket Frame opCode=9 length=0
[12:00:31] [nioEventLoopGroup-2-1/TRACE] [pro.gravit.repackage.io.netty.handler.codec.http.websocketx.WebSocket08FrameDecoder]: Decoding WebSocket Frame opCode=10
[12:00:31] [nioEventLoopGroup-2-1/TRACE] [pro.gravit.repackage.io.netty.handler.codec.http.websocketx.WebSocket08FrameDecoder]: Decoding WebSocket Frame length=0
[12:00:40] [nioEventLoopGroup-2-1/TRACE] [pro.gravit.repackage.io.netty.handler.codec.http.websocketx.WebSocket08FrameDecoder]: Decoding WebSocket Frame opCode=9
[12:00:40] [nioEventLoopGroup-2-1/TRACE] [pro.gravit.repackage.io.netty.handler.codec.http.websocketx.WebSocket08FrameDecoder]: Decoding WebSocket Frame length=0
[12:00:40] [nioEventLoopGroup-2-1/TRACE] [pro.gravit.repackage.io.netty.handler.codec.http.websocketx.WebSocket08FrameEncoder]: Encoding WebSocket Frame opCode=10 length=0
[12:00:51] [nioEventLoopGroup-2-1/TRACE] [pro.gravit.repackage.io.netty.handler.codec.http.websocketx.WebSocket08FrameEncoder]: Encoding WebSocket Frame opCode=9 length=0
[12:00:51] [nioEventLoopGroup-2-1/TRACE] [pro.gravit.repackage.io.netty.handler.codec.http.websocketx.WebSocket08FrameDecoder]: Decoding WebSocket Frame opCode=10
[12:00:51] [nioEventLoopGroup-2-1/TRACE] [pro.gravit.repackage.io.netty.handler.codec.http.websocketx.WebSocket08FrameDecoder]: Decoding WebSocket Frame length=0
[12:01:10] [nioEventLoopGroup-2-1/TRACE] [pro.gravit.repackage.io.netty.handler.codec.http.websocketx.WebSocket08FrameDecoder]: Decoding WebSocket Frame opCode=9
[12:01:10] [nioEventLoopGroup-2-1/TRACE] [pro.gravit.repackage.io.netty.handler.codec.http.websocketx.WebSocket08FrameDecoder]: Decoding WebSocket Frame length=0
[12:01:10] [nioEventLoopGroup-2-1/TRACE] [pro.gravit.repackage.io.netty.handler.codec.http.websocketx.WebSocket08FrameEncoder]: Encoding WebSocket Frame opCode=10 length=0
[12:01:11] [nioEventLoopGroup-2-1/TRACE] [pro.gravit.repackage.io.netty.handler.codec.http.websocketx.WebSocket08FrameEncoder]: Encoding WebSocket Frame opCode=9 length=0
[12:01:11] [nioEventLoopGroup-2-1/TRACE] [pro.gravit.repackage.io.netty.handler.codec.http.websocketx.WebSocket08FrameDecoder]: Decoding WebSocket Frame opCode=10
[12:01:11] [nioEventLoopGroup-2-1/TRACE] [pro.gravit.repackage.io.netty.handler.codec.http.websocketx.WebSocket08FrameDecoder]: Decoding WebSocket Frame length=0
[12:01:31] [nioEventLoopGroup-2-1/TRACE] [pro.gravit.repackage.io.netty.handler.codec.http.websocketx.WebSocket08FrameEncoder]: Encoding WebSocket Frame opCode=9 length=0
[12:01:31] [nioEventLoopGroup-2-1/TRACE] [pro.gravit.repackage.io.netty.handler.codec.http.websocketx.WebSocket08FrameDecoder]: Decoding WebSocket Frame opCode=10
[12:01:31] [nioEventLoopGroup-2-1/TRACE] [pro.gravit.repackage.io.netty.handler.codec.http.websocketx.WebSocket08FrameDecoder]: Decoding WebSocket Frame length=0
[12:01:40] [nioEventLoopGroup-2-1/TRACE] [pro.gravit.repackage.io.netty.handler.codec.http.websocketx.WebSocket08FrameDecoder]: Decoding WebSocket Frame opCode=9
[12:01:40] [nioEventLoopGroup-2-1/TRACE] [pro.gravit.repackage.io.netty.handler.codec.http.websocketx.WebSocket08FrameDecoder]: Decoding WebSocket Frame length=0
[12:01:40] [nioEventLoopGroup-2-1/TRACE] [pro.gravit.repackage.io.netty.handler.codec.http.websocketx.WebSocket08FrameEncoder]: Encoding WebSocket Frame opCode=10 length=0
[12:01:51] [nioEventLoopGroup-2-1/TRACE] [pro.gravit.repackage.io.netty.handler.codec.http.websocketx.WebSocket08FrameEncoder]: Encoding WebSocket Frame opCode=9 length=0
[12:01:51] [nioEventLoopGroup-2-1/TRACE] [pro.gravit.repackage.io.netty.handler.codec.http.websocketx.WebSocket08FrameDecoder]: Decoding WebSocket Frame opCode=10
[12:01:51] [nioEventLoopGroup-2-1/TRACE] [pro.gravit.repackage.io.netty.handler.codec.http.websocketx.WebSocket08FrameDecoder]: Decoding WebSocket Frame length=0
[12:02:10] [nioEventLoopGroup-2-1/TRACE] [pro.gravit.repackage.io.netty.handler.codec.http.websocketx.WebSocket08FrameDecoder]: Decoding WebSocket Frame opCode=9
[12:02:10] [nioEventLoopGroup-2-1/TRACE] [pro.gravit.repackage.io.netty.handler.codec.http.websocketx.WebSocket08FrameDecoder]: Decoding WebSocket Frame length=0
[12:02:10] [nioEventLoopGroup-2-1/TRACE] [pro.gravit.repackage.io.netty.handler.codec.http.websocketx.WebSocket08FrameEncoder]: Encoding WebSocket Frame opCode=10 length=0
[12:02:11] [nioEventLoopGroup-2-1/TRACE] [pro.gravit.repackage.io.netty.handler.codec.http.websocketx.WebSocket08FrameEncoder]: Encoding WebSocket Frame opCode=9 length=0
[12:02:11] [nioEventLoopGroup-2-1/TRACE] [pro.gravit.repackage.io.netty.handler.codec.http.websocketx.WebSocket08FrameDecoder]: Decoding WebSocket Frame opCode=10
[12:02:11] [nioEventLoopGroup-2-1/TRACE] [pro.gravit.repackage.io.netty.handler.codec.http.websocketx.WebSocket08FrameDecoder]: Decoding WebSocket Frame length=0
[12:02:31] [nioEventLoopGroup-2-1/TRACE] [pro.gravit.repackage.io.netty.handler.codec.http.websocketx.WebSocket08FrameEncoder]: Encoding WebSocket Frame opCode=9 length=0
[12:02:31] [nioEventLoopGroup-2-1/TRACE] [pro.gravit.repackage.io.netty.handler.codec.http.websocketx.WebSocket08FrameDecoder]: Decoding WebSocket Frame opCode=10
[12:02:31] [nioEventLoopGroup-2-1/TRACE] [pro.gravit.repackage.io.netty.handler.codec.http.websocketx.WebSocket08FrameDecoder]: Decoding WebSocket Frame length=0
[12:02:40] [nioEventLoopGroup-2-1/TRACE] [pro.gravit.repackage.io.netty.handler.codec.http.websocketx.WebSocket08FrameDecoder]: Decoding WebSocket Frame opCode=9
[12:02:40] [nioEventLoopGroup-2-1/TRACE] [pro.gravit.repackage.io.netty.handler.codec.http.websocketx.WebSocket08FrameDecoder]: Decoding WebSocket Frame length=0
[12:02:40] [nioEventLoopGroup-2-1/TRACE] [pro.gravit.repackage.io.netty.handler.codec.http.websocketx.WebSocket08FrameEncoder]: Encoding WebSocket Frame opCode=10 length=0
[12:02:51] [nioEventLoopGroup-2-1/TRACE] [pro.gravit.repackage.io.netty.handler.codec.http.websocketx.WebSocket08FrameEncoder]: Encoding WebSocket Frame opCode=9 length=0
[12:02:51] [nioEventLoopGroup-2-1/TRACE] [pro.gravit.repackage.io.netty.handler.codec.http.websocketx.WebSocket08FrameDecoder]: Decoding WebSocket Frame opCode=10
[12:02:51] [nioEventLoopGroup-2-1/TRACE] [pro.gravit.repackage.io.netty.handler.codec.http.websocketx.WebSocket08FrameDecoder]: Decoding WebSocket Frame length=0
[12:03:10] [nioEventLoopGroup-2-1/TRACE] [pro.gravit.repackage.io.netty.handler.codec.http.websocketx.WebSocket08FrameDecoder]: Decoding WebSocket Frame opCode=9
[12:03:10] [nioEventLoopGroup-2-1/TRACE] [pro.gravit.repackage.io.netty.handler.codec.http.websocketx.WebSocket08FrameDecoder]: Decoding WebSocket Frame length=0
[12:03:10] [nioEventLoopGroup-2-1/TRACE] [pro.gravit.repackage.io.netty.handler.codec.http.websocketx.WebSocket08FrameEncoder]: Encoding WebSocket Frame opCode=10 length=0
[12:03:11] [nioEventLoopGroup-2-1/TRACE] [pro.gravit.repackage.io.netty.handler.codec.http.websocketx.WebSocket08FrameEncoder]: Encoding WebSocket Frame opCode=9 length=0
[12:03:11] [nioEventLoopGroup-2-1/TRACE] [pro.gravit.repackage.io.netty.handler.codec.http.websocketx.WebSocket08FrameDecoder]: Decoding WebSocket Frame opCode=10
[12:03:11] [nioEventLoopGroup-2-1/TRACE] [pro.gravit.repackage.io.netty.handler.codec.http.websocketx.WebSocket08FrameDecoder]: Decoding WebSocket Frame length=0
