[13:44:02] [main/INFO]: LiteLoader 1.12.2 starting up...
[13:44:02] [main/INFO]: Active Pack: 1.12.2-SNAPSHOT-r4CC2BB0-b4-4
[13:44:02] [main/INFO]: Java reports OS="windows 10"
[13:44:03] [main/INFO]: Adding supported mod class prefix 'LiteMod'
[13:44:03] [main/INFO]: Enumerating class path...
[13:44:03] [main/INFO]: Class path separator=";"
[13:44:03] [main/INFO]: Class path entries=(
   classpathEntry=C:\Users\Admin\Desktop\Launcher.exe
)
[13:44:03] [main/INFO]: Registering discovery module EnumeratorModuleClassPath: [<Java Class Path>]
[13:44:03] [main/INFO]: Registering discovery module EnumeratorModuleFolder: [C:\Users\Admin\Desktop\games\OurWorld\mods]
[13:44:03] [main/INFO]: Registering discovery module EnumeratorModuleFolder: [C:\Users\Admin\Desktop\games\OurWorld\mods\1.12.2]
[13:44:03] [main/INFO]: Registering enumerator plugin DefaultEnumeratorPlugin: [com.mumfrey.liteloader.core.api.DefaultEnumeratorPlugin@56113384]
[13:44:03] [main/INFO]: Discovering valid mod files in folder C:\Users\Admin\Desktop\games\OurWorld\mods
[13:44:03] [main/INFO]: Inspecting jar metadata in 'buildcraft_all_7.99.24.8_1.12.2.jar'
[13:44:03] [main/INFO]: Ignoring C:\Users\Admin\Desktop\games\OurWorld\mods\buildcraft_all_7.99.24.8_1.12.2.jar
[13:44:03] [main/INFO]: Inspecting jar metadata in 'industrialcraft_2_2.8.221_ex112.jar'
[13:44:03] [main/INFO]: Ignoring C:\Users\Admin\Desktop\games\OurWorld\mods\industrialcraft_2_2.8.221_ex112.jar
[13:44:03] [main/INFO]: Inspecting jar metadata in 'jei_1.12.2-4.16.1.302.jar'
[13:44:03] [main/INFO]: Ignoring C:\Users\Admin\Desktop\games\OurWorld\mods\jei_1.12.2-4.16.1.302.jar
[13:44:03] [main/INFO]: Discovering valid mod files in folder C:\Users\Admin\Desktop\games\OurWorld\mods\1.12.2
[13:44:03] [main/INFO]: Discovering tweaks on class path...
[13:44:03] [main/INFO]: Baking listener list for EnumerationObserver with 1 listeners
[13:44:03] [main/INFO]: Registering discovered mod files in folder C:\Users\Admin\Desktop\games\OurWorld\mods
[13:44:03] [main/INFO]: Registering discovered mod files in folder C:\Users\Admin\Desktop\games\OurWorld\mods\1.12.2
[13:44:03] [main/INFO]: Initialising LiteLoader Mixins
[13:44:04] [main/INFO]: LiteLoader PREINIT complete
[13:44:10] [main/INFO]: FML detected, switching to searge mappings
[13:45:15] [Client thread/INFO]: JInput Component Registry is initialising...
[13:45:16] [Client thread/INFO]: JInput Component Registry initialised, found 0 controller(s) 0 component(s)
[13:45:16] [Client thread/INFO]: LiteLoader begin INIT...
[13:45:16] [Client thread/INFO]: Baking listener list for CoreProvider with 2 listeners
[13:45:16] [Client thread/INFO]: Injecting external mods into class path...
[13:45:16] [Client thread/INFO]: Injecting external mods into class path...
[13:45:16] [Client thread/INFO]: Discovering mods on class path...
[13:45:16] [Client thread/INFO]: Searching C:\Users\Admin\Desktop\Launcher.exe...
[13:45:16] [Client thread/INFO]: Discovering mods in valid mod files...
[13:45:16] [Client thread/INFO]: Discovering mods in valid mod files...
[13:45:16] [Client thread/INFO]: Mod class discovery completed
[13:45:16] [Client thread/INFO]: LiteLoader begin POSTINIT...
[13:45:16] [Client thread/INFO]: Inhibiting sound handler reload
[13:45:16] [Client thread/INFO]: Registering interface provider com.mumfrey.liteloader.client.LiteLoaderEventBrokerClient for API LiteLoader core API
[13:45:16] [Client thread/INFO]: Registering interface provider com.mumfrey.liteloader.client.PacketEventsClient for API LiteLoader core API
[13:45:16] [Client thread/INFO]: Registering interface provider com.mumfrey.liteloader.client.ClientPluginChannelsClient for API LiteLoader core API
[13:45:16] [Client thread/INFO]: Registering interface provider com.mumfrey.liteloader.core.ServerPluginChannels for API LiteLoader core API
[13:45:16] [Client thread/INFO]: Registering interface provider com.mumfrey.liteloader.messaging.MessageBus for API LiteLoader core API
[13:45:16] [Client thread/INFO]: Discovered 0 total mod(s), injected 0 tweak(s)
[13:45:16] [Client thread/INFO]: No mod classes were found. Not loading any mods.
[13:45:49] [Client thread/INFO]: Baking listener list for ViewportListener with 0 listeners
[13:45:49] [Client thread/INFO]: Sound handler reload inhibit removed
[13:45:49] [Client thread/INFO]: Reloading sound handler
[13:45:50] [Client thread/INFO]: Baking listener list for GameLoopListener with 0 listeners
[13:45:50] [Client thread/INFO]: Baking listener list for RenderListener with 0 listeners
[13:45:54] [Client thread/INFO]: Baking listener list for TickObserver with 3 listeners
[13:45:54] [Client thread/INFO]: Baking listener list for PostRenderObserver with 3 listeners
[13:45:54] [Client thread/INFO]: Baking listener list for Tickable with 0 listeners
[13:45:54] [Client thread/INFO]: Baking listener list for FrameBufferListener with 0 listeners
[13:46:08] [Netty Client IO #0/INFO]: Generating new Event Handler Proxy Class com.mumfrey.liteloader.core.event.EventProxy
[13:46:08] [Netty Client IO #0/INFO]: Successfully generated event handler proxy class with 124 handlers(s) and 124 total invocations
[13:46:10] [Netty Client IO #1/INFO]: Baking listener list for PostLoginListener with 0 listeners
[13:46:12] [Client thread/INFO]: Baking listener list for PreJoinGameListener with 0 listeners
[13:46:14] [Client thread/INFO]: Baking listener list for JoinGameListener with 0 listeners
[13:46:14] [Client thread/INFO]: Baking listener list for ChatListener with 0 listeners
[13:46:14] [Client thread/INFO]: Baking listener list for PreRenderListener with 0 listeners
[13:46:15] [Client thread/INFO]: Baking listener list for PostRenderListener with 0 listeners
[13:46:15] [Client thread/INFO]: Baking listener list for HUDRenderListener with 0 listeners
[13:46:15] [Client thread/INFO]: Baking listener list for WorldObserver with 2 listeners
[13:46:19] [Client thread/INFO]: Baking listener list for EntityRenderListener with 0 listeners
[13:46:20] [Client thread/INFO]: Baking listener list for PlayerClickListener with 0 listeners
